# JRE version: Java(TM) SE Runtime Environment (12.0.1+12) (build 12.0.1+12)
# Java VM: Java HotSpot(TM) 64-Bit Server VM (12.0.1+12, mixed mode, sharing, tiered, compressed oops, g1 gc, windows-amd64)
Heap:
 garbage-first heap   total 129024K, used 21355K [0x0000000082000000, 0x0000000100000000)
  region size 1024K, 19 young (19456K), 7 survivors (7168K)
 Metaspace       used 14845K, capacity 16025K, committed 16384K, reserved 1062912K
  class space    used 1660K, capacity 1925K, committed 2048K, reserved 1048576K
GC Heap History (10 events):
Event: 0.581 GC heap before
{Heap before GC invocations=0 (full 0):
 garbage-first heap   total 129024K, used 14336K [0x0000000082000000, 0x0000000100000000)
  region size 1024K, 14 young (14336K), 0 survivors (0K)
 Metaspace       used 3574K, capacity 6830K, committed 6912K, reserved 1056768K
  class space    used 385K, capacity 725K, committed 768K, reserved 1048576K
}
Event: 0.585 GC heap after
{Heap after GC invocations=1 (full 0):
 garbage-first heap   total 129024K, used 3226K [0x0000000082000000, 0x0000000100000000)
  region size 1024K, 2 young (2048K), 2 survivors (2048K)
 Metaspace       used 3574K, capacity 6830K, committed 6912K, reserved 1056768K
  class space    used 385K, capacity 725K, committed 768K, reserved 1048576K
}
Event: 0.715 GC heap before
{Heap before GC invocations=1 (full 0):
 garbage-first heap   total 129024K, used 13466K [0x0000000082000000, 0x0000000100000000)
  region size 1024K, 12 young (12288K), 2 survivors (2048K)
 Metaspace       used 5093K, capacity 7834K, committed 8064K, reserved 1056768K
  class space    used 602K, capacity 889K, committed 896K, reserved 1048576K
}
Event: 0.718 GC heap after
{Heap after GC invocations=2 (full 0):
 garbage-first heap   total 129024K, used 3842K [0x0000000082000000, 0x0000000100000000)
  region size 1024K, 1 young (1024K), 1 survivors (1024K)
 Metaspace       used 5093K, capacity 7834K, committed 8064K, reserved 1056768K
  class space    used 602K, capacity 889K, committed 896K, reserved 1048576K
}
Event: 1.055 GC heap before
{Heap before GC invocations=2 (full 0):
 garbage-first heap   total 129024K, used 33538K [0x0000000082000000, 0x0000000100000000)
  region size 1024K, 30 young (30720K), 1 survivors (1024K)
 Metaspace       used 9095K, capacity 11505K, committed 11648K, reserved 1058816K
  class space    used 1108K, capacity 1383K, committed 1408K, reserved 1048576K
}
Event: 1.057 GC heap after
{Heap after GC invocations=3 (full 0):
 garbage-first heap   total 129024K, used 5052K [0x0000000082000000, 0x0000000100000000)
  region size 1024K, 2 young (2048K), 2 survivors (2048K)
 Metaspace       used 9095K, capacity 11505K, committed 11648K, reserved 1058816K
  class space    used 1108K, capacity 1383K, committed 1408K, reserved 1048576K
}
Event: 2.276 GC heap before
{Heap before GC invocations=3 (full 0):
 garbage-first heap   total 129024K, used 56252K [0x0000000082000000, 0x0000000100000000)
  region size 1024K, 52 young (53248K), 2 survivors (2048K)
 Metaspace       used 12843K, capacity 14622K, committed 14848K, reserved 1062912K
  class space    used 1493K, capacity 1729K, committed 1792K, reserved 1048576K
}
Event: 2.280 GC heap after
{Heap after GC invocations=4 (full 0):
 garbage-first heap   total 129024K, used 7448K [0x0000000082000000, 0x0000000100000000)
  region size 1024K, 5 young (5120K), 5 survivors (5120K)
 Metaspace       used 12843K, capacity 14622K, committed 14848K, reserved 1062912K
  class space    used 1493K, capacity 1729K, committed 1792K, reserved 1048576K
}
Event: 3.629 GC heap before
{Heap before GC invocations=4 (full 0):
 garbage-first heap   total 129024K, used 69912K [0x0000000082000000, 0x0000000100000000)
  region size 1024K, 66 young (67584K), 5 survivors (5120K)
 Metaspace       used 14086K, capacity 15764K, committed 16000K, reserved 1062912K
  class space    used 1590K, capacity 1875K, committed 1920K, reserved 1048576K
}
Event: 3.636 GC heap after
{Heap after GC invocations=5 (full 0):
 garbage-first heap   total 129024K, used 10091K [0x0000000082000000, 0x0000000100000000)
  region size 1024K, 7 young (7168K), 7 survivors (7168K)
 Metaspace       used 14086K, capacity 15764K, committed 16000K, reserved 1062912K
  class space    used 1590K, capacity 1875K, committed 1920K, reserved 1048576K
}

